  Application.cpp
Application.obj : error LNK2001: unresolved external symbol __imp__glClear@4
glfw3.lib(win32_init.obj) : error LNK2001: unresolved external symbol __imp__TranslateMessage@4
glfw3.lib(win32_window.obj) : error LNK2001: unresolved external symbol __imp__TranslateMessage@4
glfw3.lib(win32_init.obj) : error LNK2001: unresolved external symbol __imp__DispatchMessageW@4
glfw3.lib(win32_window.obj) : error LNK2001: unresolved external symbol __imp__DispatchMessageW@4
glfw3.lib(win32_init.obj) : error LNK2001: unresolved external symbol __imp__PeekMessageW@20
glfw3.lib(win32_window.obj) : error LNK2001: unresolved external symbol __imp__PeekMessageW@20
glfw3.lib(win32_init.obj) : error LNK2001: unresolved external symbol __imp__RegisterDeviceNotificationW@12
glfw3.lib(win32_init.obj) : error LNK2001: unresolved external symbol __imp__UnregisterDeviceNotification@4
glfw3.lib(win32_init.obj) : error LNK2001: unresolved external symbol __imp__CreateWindowExW@48
glfw3.lib(win32_window.obj) : error LNK2001: unresolved external symbol __imp__CreateWindowExW@48
glfw3.lib(win32_init.obj) : error LNK2001: unresolved external symbol __imp__DestroyWindow@4
glfw3.lib(win32_window.obj) : error LNK2001: unresolved external symbol __imp__DestroyWindow@4
glfw3.lib(win32_init.obj) : error LNK2001: unresolved external symbol __imp__ShowWindow@8
glfw3.lib(win32_window.obj) : error LNK2001: unresolved external symbol __imp__ShowWindow@8
glfw3.lib(win32_init.obj) : error LNK2001: unresolved external symbol __imp__ToUnicode@24
glfw3.lib(win32_init.obj) : error LNK2001: unresolved external symbol __imp__MapVirtualKeyW@8
glfw3.lib(win32_window.obj) : error LNK2001: unresolved external symbol __imp__MapVirtualKeyW@8
glfw3.lib(win32_init.obj) : error LNK2001: unresolved external symbol __imp__SystemParametersInfoW@16
glfw3.lib(win32_window.obj) : error LNK2001: unresolved external symbol __imp__SystemParametersInfoW@16
glfw3.lib(win32_monitor.obj) : error LNK2001: unresolved external symbol __imp__CreateDCW@16
glfw3.lib(win32_monitor.obj) : error LNK2001: unresolved external symbol __imp__DeleteDC@4
glfw3.lib(win32_monitor.obj) : error LNK2001: unresolved external symbol __imp__GetDeviceCaps@8
glfw3.lib(win32_monitor.obj) : error LNK2001: unresolved external symbol __imp__GetDeviceGammaRamp@8
glfw3.lib(win32_monitor.obj) : error LNK2001: unresolved external symbol __imp__SetDeviceGammaRamp@8
glfw3.lib(win32_monitor.obj) : error LNK2001: unresolved external symbol __imp__GetDC@4
glfw3.lib(win32_window.obj) : error LNK2001: unresolved external symbol __imp__GetDC@4
glfw3.lib(wgl_context.obj) : error LNK2001: unresolved external symbol __imp__GetDC@4
glfw3.lib(win32_monitor.obj) : error LNK2001: unresolved external symbol __imp__ReleaseDC@8
glfw3.lib(win32_window.obj) : error LNK2001: unresolved external symbol __imp__ReleaseDC@8
glfw3.lib(win32_monitor.obj) : error LNK2001: unresolved external symbol __imp__ChangeDisplaySettingsExW@20
glfw3.lib(win32_monitor.obj) : error LNK2001: unresolved external symbol __imp__EnumDisplaySettingsW@12
glfw3.lib(win32_monitor.obj) : error LNK2001: unresolved external symbol __imp__EnumDisplaySettingsExW@16
glfw3.lib(win32_monitor.obj) : error LNK2001: unresolved external symbol __imp__EnumDisplayDevicesW@16
glfw3.lib(win32_monitor.obj) : error LNK2001: unresolved external symbol __imp__GetMonitorInfoW@8
glfw3.lib(win32_window.obj) : error LNK2001: unresolved external symbol __imp__GetMonitorInfoW@8
glfw3.lib(win32_monitor.obj) : error LNK2001: unresolved external symbol __imp__EnumDisplayMonitors@16
glfw3.lib(win32_window.obj) : error LNK2001: unresolved external symbol __imp__CreateBitmap@20
glfw3.lib(win32_window.obj) : error LNK2001: unresolved external symbol __imp__CreateRectRgn@16
glfw3.lib(win32_window.obj) : error LNK2001: unresolved external symbol __imp__DeleteObject@4
glfw3.lib(win32_window.obj) : error LNK2001: unresolved external symbol __imp__CreateDIBSection@24
glfw3.lib(win32_window.obj) : error LNK2001: unresolved external symbol __imp__TrackMouseEvent@4
glfw3.lib(win32_window.obj) : error LNK2001: unresolved external symbol __imp__GetMessageTime@0
glfw3.lib(win32_window.obj) : error LNK2001: unresolved external symbol __imp__SendMessageW@16
glfw3.lib(win32_window.obj) : error LNK2001: unresolved external symbol __imp__PostMessageW@16
glfw3.lib(win32_window.obj) : error LNK2001: unresolved external symbol __imp__WaitMessage@0
glfw3.lib(win32_window.obj) : error LNK2001: unresolved external symbol __imp__DefWindowProcW@16
glfw3.lib(win32_window.obj) : error LNK2001: unresolved external symbol __imp__UnregisterClassW@8
glfw3.lib(win32_window.obj) : error LNK2001: unresolved external symbol __imp__RegisterClassExW@4
glfw3.lib(win32_window.obj) : error LNK2001: unresolved external symbol __imp__GetLayeredWindowAttributes@16
glfw3.lib(win32_window.obj) : error LNK2001: unresolved external symbol __imp__SetLayeredWindowAttributes@16
glfw3.lib(win32_window.obj) : error LNK2001: unresolved external symbol __imp__FlashWindow@8
glfw3.lib(win32_window.obj) : error LNK2001: unresolved external symbol __imp__MoveWindow@24
glfw3.lib(win32_window.obj) : error LNK2001: unresolved external symbol __imp__SetWindowPos@28
glfw3.lib(win32_window.obj) : error LNK2001: unresolved external symbol __imp__GetWindowPlacement@8
glfw3.lib(win32_window.obj) : error LNK2001: unresolved external symbol __imp__SetWindowPlacement@8
glfw3.lib(win32_window.obj) : error LNK2001: unresolved external symbol __imp__IsWindowVisible@4
glfw3.lib(win32_window.obj) : error LNK2001: unresolved external symbol __imp__IsIconic@4
glfw3.lib(win32_window.obj) : error LNK2001: unresolved external symbol __imp__BringWindowToTop@4
glfw3.lib(win32_window.obj) : error LNK2001: unresolved external symbol __imp__IsZoomed@4
glfw3.lib(win32_window.obj) : error LNK2001: unresolved external symbol __imp__OpenClipboard@4
glfw3.lib(win32_window.obj) : error LNK2001: unresolved external symbol __imp__CloseClipboard@0
glfw3.lib(win32_window.obj) : error LNK2001: unresolved external symbol __imp__SetClipboardData@8
glfw3.lib(win32_window.obj) : error LNK2001: unresolved external symbol __imp__GetClipboardData@4
glfw3.lib(win32_window.obj) : error LNK2001: unresolved external symbol __imp__EmptyClipboard@0
glfw3.lib(win32_window.obj) : error LNK2001: unresolved external symbol __imp__SetFocus@4
glfw3.lib(win32_window.obj) : error LNK2001: unresolved external symbol __imp__GetActiveWindow@0
glfw3.lib(win32_window.obj) : error LNK2001: unresolved external symbol __imp__GetKeyState@4
glfw3.lib(win32_window.obj) : error LNK2001: unresolved external symbol __imp__SetCapture@4
glfw3.lib(win32_window.obj) : error LNK2001: unresolved external symbol __imp__ReleaseCapture@0
glfw3.lib(win32_window.obj) : error LNK2001: unresolved external symbol __imp__MsgWaitForMultipleObjects@20
glfw3.lib(win32_window.obj) : error LNK2001: unresolved external symbol __imp__GetSystemMetrics@4
glfw3.lib(win32_window.obj) : error LNK2001: unresolved external symbol __imp__SetForegroundWindow@4
glfw3.lib(win32_window.obj) : error LNK2001: unresolved external symbol __imp__SetPropW@12
glfw3.lib(win32_window.obj) : error LNK2001: unresolved external symbol __imp__GetPropW@8
glfw3.lib(win32_window.obj) : error LNK2001: unresolved external symbol __imp__RemovePropW@8
glfw3.lib(win32_window.obj) : error LNK2001: unresolved external symbol __imp__SetWindowTextW@8
glfw3.lib(win32_window.obj) : error LNK2001: unresolved external symbol __imp__GetClientRect@8
glfw3.lib(win32_window.obj) : error LNK2001: unresolved external symbol __imp__GetWindowRect@8
glfw3.lib(win32_window.obj) : error LNK2001: unresolved external symbol __imp__AdjustWindowRectEx@16
glfw3.lib(win32_window.obj) : error LNK2001: unresolved external symbol __imp__SetCursorPos@8
glfw3.lib(win32_window.obj) : error LNK2001: unresolved external symbol __imp__SetCursor@4
glfw3.lib(win32_window.obj) : error LNK2001: unresolved external symbol __imp__GetCursorPos@4
glfw3.lib(win32_window.obj) : error LNK2001: unresolved external symbol __imp__ClientToScreen@8
glfw3.lib(win32_window.obj) : error LNK2001: unresolved external symbol __imp__ScreenToClient@8
glfw3.lib(win32_window.obj) : error LNK2001: unresolved external symbol __imp__WindowFromPoint@8
glfw3.lib(win32_window.obj) : error LNK2001: unresolved external symbol __imp__ClipCursor@4
glfw3.lib(win32_window.obj) : error LNK2001: unresolved external symbol __imp__SetRect@20
glfw3.lib(win32_window.obj) : error LNK2001: unresolved external symbol __imp__OffsetRect@12
glfw3.lib(win32_window.obj) : error LNK2001: unresolved external symbol __imp__PtInRect@12
glfw3.lib(win32_window.obj) : error LNK2001: unresolved external symbol __imp__GetWindowLongW@8
glfw3.lib(win32_window.obj) : error LNK2001: unresolved external symbol __imp__SetWindowLongW@12
glfw3.lib(win32_window.obj) : error LNK2001: unresolved external symbol __imp__GetClassLongW@8
glfw3.lib(win32_window.obj) : error LNK2001: unresolved external symbol __imp__LoadCursorW@8
glfw3.lib(win32_window.obj) : error LNK2001: unresolved external symbol __imp__DestroyIcon@4
glfw3.lib(win32_window.obj) : error LNK2001: unresolved external symbol __imp__LoadImageW@24
glfw3.lib(win32_window.obj) : error LNK2001: unresolved external symbol __imp__CreateIconIndirect@4
glfw3.lib(win32_window.obj) : error LNK2001: unresolved external symbol __imp__MonitorFromWindow@8
glfw3.lib(win32_window.obj) : error LNK2001: unresolved external symbol __imp__GetRawInputData@20
glfw3.lib(win32_window.obj) : error LNK2001: unresolved external symbol __imp__RegisterRawInputDevices@12
glfw3.lib(win32_window.obj) : error LNK2001: unresolved external symbol __imp__DragQueryFileW@16
glfw3.lib(win32_window.obj) : error LNK2001: unresolved external symbol __imp__DragQueryPoint@8
glfw3.lib(win32_window.obj) : error LNK2001: unresolved external symbol __imp__DragFinish@4
glfw3.lib(win32_window.obj) : error LNK2001: unresolved external symbol __imp__DragAcceptFiles@8
glfw3.lib(win32_joystick.obj) : error LNK2001: unresolved external symbol __imp__GetRawInputDeviceInfoA@16
glfw3.lib(win32_joystick.obj) : error LNK2001: unresolved external symbol __imp__GetRawInputDeviceList@12
glfw3.lib(wgl_context.obj) : error LNK2001: unresolved external symbol __imp__ChoosePixelFormat@8
glfw3.lib(wgl_context.obj) : error LNK2001: unresolved external symbol __imp__DescribePixelFormat@16
glfw3.lib(wgl_context.obj) : error LNK2001: unresolved external symbol __imp__SetPixelFormat@12
glfw3.lib(wgl_context.obj) : error LNK2001: unresolved external symbol __imp__SwapBuffers@4
D:\Work Space\The Cherno\OpenGL\Release\OpenGL.exe : fatal error LNK1120: 98 unresolved externals
